<?xml version="1.0" encoding="UTF-8"?>
<!-- Generated by org.testng.reporters.JUnitXMLReporter -->
<testsuite hostname="DESKTOP-DDKMTI5" ignored="0" name="Default test" tests="4" failures="0" timestamp="26 Jun 2022 05:23:20 GMT" time="4.294" errors="0">
  <testcase name="logintest" time="2.233" classname="dataProvider.DPTest"/>
  <testcase name="logintest" time="0.594" classname="dataProvider.DPTest"/>
  <testcase name="logintest" time="0.779" classname="dataProvider.DPTest"/>
  <testcase name="logintest" time="0.608" classname="dataProvider.DPTest"/>
</testsuite> <!-- Default test -->
